<?xml version="1.0" encoding="UTF-8"?>
<!-- Generated by org.testng.reporters.JUnitXMLReporter -->
<testsuite hostname="AA-PC" ignored="5" name="test1" tests="4" failures="0" timestamp="30 Mar 2019 06:22:20 GMT" time="0.062" errors="0">
  <testcase name="tc002" time="0.015" classname="framework_testng.TestSuite.Class1"/>
  <testcase name="tc005" time="0.016" classname="framework_testng.TestSuite.Class2"/>
  <testcase name="tc006" time="0.0" classname="framework_testng.TestSuite.Class2"/>
  <testcase name="tc007" time="0.0" classname="framework_testng.TestSuite.Class3"/>
  <testcase name="tc003" time="0.0" classname="framework_testng.TestSuite.Class1">
    <ignored/>
  </testcase> <!-- tc003 -->
  <testcase name="tc008" time="0.0" classname="framework_testng.TestSuite.Class3">
    <ignored/>
  </testcase> <!-- tc008 -->
  <testcase name="tc009" time="0.0" classname="framework_testng.TestSuite.Class3">
    <ignored/>
  </testcase> <!-- tc009 -->
  <testcase name="tc001" time="0.0" classname="framework_testng.TestSuite.Class1">
    <ignored/>
  </testcase> <!-- tc001 -->
  <testcase name="tc004" time="0.0" classname="framework_testng.TestSuite.Class2">
    <ignored/>
  </testcase> <!-- tc004 -->
</testsuite> <!-- test1 -->
