<?xml version="1.0" encoding="UTF-8"?>
<testng-results skipped="0" failed="0" ignored="0" total="6" passed="6">
  <reporter-output>
  </reporter-output>
  <suite name="deafult" duration-ms="29949" started-at="2019-03-30T07:10:33Z" finished-at="2019-03-30T07:11:03Z">
    <groups>
    </groups>
    <test name="test2" duration-ms="18886" started-at="2019-03-30T07:10:33Z" finished-at="2019-03-30T07:10:52Z">
      <class name="framework_testng.CrossBrowser.CrossBrowser_Test">
        <test-method status="PASS" signature="launchBrowser(java.lang.String)[pri:0, instance:framework_testng.CrossBrowser.CrossBrowser_Test@548e7350]" name="launchBrowser" duration-ms="3220" started-at="2019-03-30T07:10:33Z" finished-at="2019-03-30T07:10:36Z">
          <params>
            <param index="0">
              <value>
                <![CDATA[chrome]]>
              </value>
            </param>
          </params>
          <reporter-output>
          </reporter-output>
        </test-method> <!-- launchBrowser -->
        <test-method status="PASS" signature="loadApp(java.lang.String)[pri:1, instance:framework_testng.CrossBrowser.CrossBrowser_Test@548e7350]" name="loadApp" duration-ms="5123" started-at="2019-03-30T07:10:36Z" finished-at="2019-03-30T07:10:41Z">
          <params>
            <param index="0">
              <value>
                <![CDATA[http://cleartrip.com]]>
              </value>
            </param>
          </params>
          <reporter-output>
          </reporter-output>
        </test-method> <!-- loadApp -->
        <test-method status="PASS" signature="flight_search()[pri:2, instance:framework_testng.CrossBrowser.CrossBrowser_Test@548e7350]" name="flight_search" duration-ms="10494" started-at="2019-03-30T07:10:41Z" finished-at="2019-03-30T07:10:52Z">
          <reporter-output>
          </reporter-output>
        </test-method> <!-- flight_search -->
      </class> <!-- framework_testng.CrossBrowser.CrossBrowser_Test -->
    </test> <!-- test2 -->
    <test name="test1" duration-ms="29949" started-at="2019-03-30T07:10:33Z" finished-at="2019-03-30T07:11:03Z">
      <class name="framework_testng.CrossBrowser.CrossBrowser_Test">
        <test-method status="PASS" signature="launchBrowser(java.lang.String)[pri:0, instance:framework_testng.CrossBrowser.CrossBrowser_Test@59fa1d9b]" name="launchBrowser" duration-ms="9138" started-at="2019-03-30T07:10:33Z" finished-at="2019-03-30T07:10:42Z">
          <params>
            <param index="0">
              <value>
                <![CDATA[firefox]]>
              </value>
            </param>
          </params>
          <reporter-output>
          </reporter-output>
        </test-method> <!-- launchBrowser -->
        <test-method status="PASS" signature="loadApp(java.lang.String)[pri:1, instance:framework_testng.CrossBrowser.CrossBrowser_Test@59fa1d9b]" name="loadApp" duration-ms="6824" started-at="2019-03-30T07:10:42Z" finished-at="2019-03-30T07:10:49Z">
          <params>
            <param index="0">
              <value>
                <![CDATA[http://cleartrip.com]]>
              </value>
            </param>
          </params>
          <reporter-output>
          </reporter-output>
        </test-method> <!-- loadApp -->
        <test-method status="PASS" signature="flight_search()[pri:2, instance:framework_testng.CrossBrowser.CrossBrowser_Test@59fa1d9b]" name="flight_search" duration-ms="13936" started-at="2019-03-30T07:10:49Z" finished-at="2019-03-30T07:11:03Z">
          <reporter-output>
          </reporter-output>
        </test-method> <!-- flight_search -->
      </class> <!-- framework_testng.CrossBrowser.CrossBrowser_Test -->
    </test> <!-- test1 -->
  </suite> <!-- deafult -->
</testng-results>
