<?xml version="1.0" encoding="UTF-8"?>
<!-- Generated by org.testng.reporters.JUnitXMLReporter -->
<testsuite hostname="AA-PC" ignored="0" name="test2" tests="3" failures="0" timestamp="30 Mar 2019 07:10:52 GMT" time="18.886" errors="0">
  <testcase name="launchBrowser" time="3.22" classname="framework_testng.CrossBrowser.CrossBrowser_Test"/>
  <testcase name="loadApp" time="5.123" classname="framework_testng.CrossBrowser.CrossBrowser_Test"/>
  <testcase name="flight_search" time="10.494" classname="framework_testng.CrossBrowser.CrossBrowser_Test"/>
</testsuite> <!-- test2 -->
