<?xml version="1.0" encoding="UTF-8"?>
<!-- Generated by org.testng.reporters.JUnitXMLReporter -->
<testsuite hostname="AA-PC" ignored="0" name="test1" tests="4" failures="0" timestamp="30 Mar 2019 07:02:59 GMT" time="6.254" errors="0">
  <testcase name="launch_browser" time="2.95" classname="framework_testng.Suite_Parameter.Get_Parameters_From_Suite"/>
  <testcase name="loadWebpage" time="2.325" classname="framework_testng.Suite_Parameter.Get_Parameters_From_Suite"/>
  <testcase name="User_login" time="0.63" classname="framework_testng.Suite_Parameter.Get_Parameters_From_Suite"/>
  <testcase name="User_registration" time="0.296" classname="framework_testng.Suite_Parameter.Get_Parameters_From_Suite"/>
</testsuite> <!-- test1 -->
