<?xml version="1.0" encoding="UTF-8"?>
<!-- Generated by org.testng.reporters.JUnitXMLReporter -->
<testsuite hostname="AA-PC" ignored="3" name="testfirefox" tests="5" failures="0" timestamp="30 Mar 2019 06:30:11 GMT" time="0.063" errors="0">
  <testcase name="tc001" time="0.015" classname="framework_testng.Groups.TestSuite1"/>
  <testcase name="tc003" time="0.0" classname="framework_testng.Groups.TestSuite1"/>
  <testcase name="tc004" time="0.0" classname="framework_testng.Groups.TestSuite2"/>
  <testcase name="tc006" time="0.0" classname="framework_testng.Groups.TestSuite2"/>
  <testcase name="tc008" time="0.0" classname="framework_testng.Groups.TestSuite3"/>
  <testcase name="tc005" time="0.0" classname="framework_testng.Groups.TestSuite2">
    <ignored/>
  </testcase> <!-- tc005 -->
  <testcase name="tc002" time="0.0" classname="framework_testng.Groups.TestSuite1">
    <ignored/>
  </testcase> <!-- tc002 -->
  <testcase name="tc007" time="0.0" classname="framework_testng.Groups.TestSuite3">
    <ignored/>
  </testcase> <!-- tc007 -->
</testsuite> <!-- testfirefox -->
