<?xml version="1.0" encoding="UTF-8"?>
<!-- Generated by org.testng.reporters.JUnitXMLReporter -->
<testsuite hostname="AA-PC" ignored="0" name="test1" tests="10" failures="2" timestamp="02 Apr 2019 04:37:10 GMT" time="0.094" errors="0">
  <testcase name="tc001" time="0.015" classname="framework_testng.Test_listners.MyTest"/>
  <testcase name="tc002" time="0.016" classname="framework_testng.Test_listners.MyTest">
    <failure type="java.lang.AssertionError" message="expected [google] but found [gmail]">
      <![CDATA[java.lang.AssertionError: expected [google] but found [gmail]
at framework_testng.Test_listners.MyTest.tc002(MyTest.java:18)
... Removed 31 stack frames]]>
    </failure>
  </testcase> <!-- tc002 -->
  <testcase name="tc003" time="0.0" classname="framework_testng.Test_listners.MyTest">
    <skipped/>
  </testcase> <!-- tc003 -->
  <testcase name="tc004" time="0.0" classname="framework_testng.Test_listners.MyTest"/>
  <testcase name="tc005" time="0.0" classname="framework_testng.Test_listners.MyTest">
    <skipped/>
  </testcase> <!-- tc005 -->
  <testcase name="tc006" time="0.015" classname="framework_testng.Test_listners.MyTest"/>
  <testcase name="tc006" time="0.0" classname="framework_testng.Test_listners.MyTest"/>
  <testcase name="tc006" time="0.0" classname="framework_testng.Test_listners.MyTest"/>
  <testcase name="tc006" time="0.0" classname="framework_testng.Test_listners.MyTest">
    <failure type="java.lang.AssertionError" message="expected [wd] but found [wd1]">
      <![CDATA[java.lang.AssertionError: expected [wd] but found [wd1]
at framework_testng.Test_listners.MyTest.tc006(MyTest.java:46)
... Removed 31 stack frames]]>
    </failure>
  </testcase> <!-- tc006 -->
  <testcase name="tc006" time="0.0" classname="framework_testng.Test_listners.MyTest"/>
</testsuite> <!-- test1 -->
