<?xml version="1.0" encoding="UTF-8"?>
<!-- Generated by org.testng.reporters.JUnitXMLReporter -->
<testsuite hostname="AA-PC" ignored="0" name="Default test" tests="2" failures="0" timestamp="30 Mar 2019 05:37:47 GMT" time="14.917" errors="0">
  <testcase name="tc001_VerifyHomepage" time="0.0" classname="framework_testng.TestNg_WithExtentReports"/>
  <testcase name="tc002_Verify_Downloadpage" time="0.861" classname="framework_testng.TestNg_WithExtentReports"/>
</testsuite> <!-- Default test -->
